<?xml version="1.0" encoding="UTF-8"?>
<!-- Generated by org.testng.reporters.JUnitReportReporter -->
<testsuite hostname="LTIN589933" failures="0" tests="2" name="testNGapproach.TestCode" time="7.262" errors="0" timestamp="2025-06-11T21:35:58 IST" skipped="0">
  <testcase classname="testNGapproach.TestCode" name="navigateToAlertsSection" time="0.343"/>
  <testcase classname="testNGapproach.TestCode" name="fillPracticeForm" time="6.919"/>
</testsuite> <!-- testNGapproach.TestCode -->
