<?xml version="1.0" encoding="UTF-8"?>
<!-- Generated by org.testng.reporters.JUnitReportReporter -->
<testsuite hostname="LTIN589933" failures="0" tests="2" name="testNGapproach.TestCode" time="8.126" errors="0" timestamp="2025-06-12T09:09:28 IST" skipped="0">
  <testcase classname="testNGapproach.TestCode" name="navigateToAlertsSection" time="0.382"/>
  <testcase classname="testNGapproach.TestCode" name="fillPracticeForm" time="7.744"/>
</testsuite> <!-- testNGapproach.TestCode -->
