<?xml version="1.0" encoding="UTF-8"?>
<!-- Generated by org.testng.reporters.JUnitReportReporter -->
<testsuite hostname="LTIN589933" failures="0" tests="1" name="pomWithPf.InvokeTest" time="0.511" errors="0" timestamp="2025-06-12T10:25:22 IST" skipped="0">
  <testcase classname="pomWithPf.InvokeTest" name="generateAlert" time="0.511"/>
</testsuite> <!-- pomWithPf.InvokeTest -->
