<?xml version="1.0" encoding="UTF-8"?>
<!-- Generated by org.testng.reporters.JUnitReportReporter -->
<testsuite hostname="LTIN589933" failures="0" tests="2" name="testNGapproach.TestCode" time="2.341" errors="0" timestamp="2025-06-16T10:07:37 IST" skipped="0">
  <testcase classname="testNGapproach.TestCode" name="navigateToAlertsSection" time="0.170"/>
  <testcase classname="testNGapproach.TestCode" name="fillPracticeForm" time="2.171"/>
</testsuite> <!-- testNGapproach.TestCode -->
