<?xml version="1.0" encoding="UTF-8"?>
<!-- Generated by org.testng.reporters.JUnitReportReporter -->
<testsuite hostname="LTIN589933" failures="0" tests="2" name="pomWithPf.InvokeTest" time="2.525" errors="0" timestamp="2025-06-12T15:02:03 IST" skipped="0">
  <testcase classname="pomWithPf.InvokeTest" name="generateAlert" time="0.511"/>
  <testcase classname="pomWithPf.InvokeTest" name="submitForm" time="2.014"/>
</testsuite> <!-- pomWithPf.InvokeTest -->
