<?xml version="1.0" encoding="UTF-8"?>
<!-- Generated by org.testng.reporters.JUnitReportReporter -->
<testsuite hostname="LTIN589933" failures="0" tests="2" name="testNGapproach.TestCode" time="3.579" errors="0" timestamp="2025-06-13T15:39:43 IST" skipped="0">
  <testcase classname="testNGapproach.TestCode" name="navigateToAlertsSection" time="0.465"/>
  <testcase classname="testNGapproach.TestCode" name="fillPracticeForm" time="3.114"/>
</testsuite> <!-- testNGapproach.TestCode -->
